<?xml version="1.0" encoding="UTF-8"?>
<<<<<<< HEAD
<testng-results ignored="0" total="1" passed="0" failed="1" skipped="0">
  <reporter-output>
    <line>
      <![CDATA[APPLE iPhone 12 (Black, 128 GB)]]>
    </line>
    <line>
      <![CDATA[Rs xtra ₹2000 off]]>
    </line>
    <line>
      <![CDATA[Swipe 1]]>
    </line>
    <line>
      <![CDATA[Swipe 2]]>
    </line>
    <line>
      <![CDATA[Swipe 3]]>
    </line>
  </reporter-output>
  <suite started-at="2021-06-06T19:09:19 IST" name="Default suite" finished-at="2021-06-06T19:11:49 IST" duration-ms="149562">
    <groups>
    </groups>
    <test started-at="2021-06-06T19:09:19 IST" name="Default test" finished-at="2021-06-06T19:11:49 IST" duration-ms="149562">
      <class name="com.testscripts.flipkart.Flipkart">
        <test-method is-config="true" signature="configBC()[pri:0, instance:com.testscripts.flipkart.Flipkart@3f6b0be5]" started-at="2021-06-06T19:09:19 IST" name="configBC" finished-at="2021-06-06T19:09:39 IST" duration-ms="19395" status="PASS">
          <reporter-output>
          </reporter-output>
        </test-method> <!-- configBC -->
        <test-method signature="productSpecs()[pri:0, instance:com.testscripts.flipkart.Flipkart@3f6b0be5]" started-at="2021-06-06T19:09:39 IST" name="productSpecs" finished-at="2021-06-06T19:11:47 IST" duration-ms="128562" status="FAIL">
          <exception class="org.openqa.selenium.TimeoutException">
            <message>
              <![CDATA[Expected condition failed: waiting for visibility of Proxy element for: DefaultElementLocator 'By.xpath: //android.widget.TextView[@text='SPECIFICATIONS']' (tried for 20 second(s) with 500 milliseconds interval)]]>
            </message>
            <full-stacktrace>
              <![CDATA[org.openqa.selenium.TimeoutException: Expected condition failed: waiting for visibility of Proxy element for: DefaultElementLocator 'By.xpath: //android.widget.TextView[@text='SPECIFICATIONS']' (tried for 20 second(s) with 500 milliseconds interval)
at org.openqa.selenium.support.ui.WebDriverWait.timeoutException(WebDriverWait.java:95)
at org.openqa.selenium.support.ui.FluentWait.until(FluentWait.java:272)
at com.genriclib.flipkart.CommonUtils.explicitWaitTillVisible(CommonUtils.java:36)
at com.testscripts.flipkart.Flipkart.productSpecs(Flipkart.java:31)
at java.base/jdk.internal.reflect.NativeMethodAccessorImpl.invoke0(Native Method)
at java.base/jdk.internal.reflect.NativeMethodAccessorImpl.invoke(NativeMethodAccessorImpl.java:62)
at java.base/jdk.internal.reflect.DelegatingMethodAccessorImpl.invoke(DelegatingMethodAccessorImpl.java:43)
at java.base/java.lang.reflect.Method.invoke(Method.java:564)
at org.testng.internal.MethodInvocationHelper.invokeMethod(MethodInvocationHelper.java:132)
at org.testng.internal.TestInvoker.invokeMethod(TestInvoker.java:599)
at org.testng.internal.TestInvoker.invokeTestMethod(TestInvoker.java:174)
at org.testng.internal.MethodRunner.runInSequence(MethodRunner.java:46)
at org.testng.internal.TestInvoker$MethodInvocationAgent.invoke(TestInvoker.java:822)
at org.testng.internal.TestInvoker.invokeTestMethods(TestInvoker.java:147)
at org.testng.internal.TestMethodWorker.invokeTestMethods(TestMethodWorker.java:146)
at org.testng.internal.TestMethodWorker.run(TestMethodWorker.java:128)
at java.base/java.util.ArrayList.forEach(ArrayList.java:1511)
at org.testng.TestRunner.privateRun(TestRunner.java:764)
at org.testng.TestRunner.run(TestRunner.java:585)
at org.testng.SuiteRunner.runTest(SuiteRunner.java:384)
at org.testng.SuiteRunner.runSequentially(SuiteRunner.java:378)
at org.testng.SuiteRunner.privateRun(SuiteRunner.java:337)
at org.testng.SuiteRunner.run(SuiteRunner.java:286)
at org.testng.SuiteRunnerWorker.runSuite(SuiteRunnerWorker.java:53)
at org.testng.SuiteRunnerWorker.run(SuiteRunnerWorker.java:96)
at org.testng.TestNG.runSuitesSequentially(TestNG.java:1218)
at org.testng.TestNG.runSuitesLocally(TestNG.java:1140)
at org.testng.TestNG.runSuites(TestNG.java:1069)
at org.testng.TestNG.run(TestNG.java:1037)
at org.testng.remote.AbstractRemoteTestNG.run(AbstractRemoteTestNG.java:115)
at org.testng.remote.RemoteTestNG.initAndRun(RemoteTestNG.java:251)
at org.testng.remote.RemoteTestNG.main(RemoteTestNG.java:77)
Caused by: org.openqa.selenium.NoSuchElementException: An element could not be located on the page using the given search parameters.
For documentation on this error, please visit: https://www.seleniumhq.org/exceptions/no_such_element.html
Build info: version: '3.141.59', revision: 'e82be7d358', time: '2018-11-14T08:17:03'
System info: host: 'DESKTOP-7P730EH', ip: '192.168.1.100', os.name: 'Windows 10', os.arch: 'amd64', os.version: '10.0', java.version: '14.0.2'
Driver info: io.appium.java_client.android.AndroidDriver
Capabilities {appActivity: com.flipkart.android.activi..., appPackage: com.flipkart.android, autoGrantPermissions: true, databaseEnabled: false, desired: {appActivity: com.flipkart.android.activi..., appPackage: com.flipkart.android, autoGrantPermissions: true, platformName: android}, deviceApiLevel: 28, deviceManufacturer: Google, deviceModel: AOSP on IA Emulator, deviceName: emulator-5554, deviceScreenDensity: 560, deviceScreenSize: 1440x3040, deviceUDID: emulator-5554, javascriptEnabled: true, locationContextEnabled: false, networkConnectionEnabled: true, pixelRatio: 3.5, platform: LINUX, platformName: Android, platformVersion: 9, statBarHeight: 172, takesScreenshot: true, viewportRect: {height: 2529, left: 0, top: 172, width: 1440}, warnings: {}, webStorageEnabled: false}
Session ID: 3931f91e-41f4-436a-b0bf-85735c7114c2
*** Element info: {Using=xpath, value=//android.widget.TextView[@text='SPECIFICATIONS']}
at java.base/jdk.internal.reflect.NativeConstructorAccessorImpl.newInstance0(Native Method)
at java.base/jdk.internal.reflect.NativeConstructorAccessorImpl.newInstance(NativeConstructorAccessorImpl.java:62)
at java.base/jdk.internal.reflect.DelegatingConstructorAccessorImpl.newInstance(DelegatingConstructorAccessorImpl.java:45)
at java.base/java.lang.reflect.Constructor.newInstanceWithCaller(Constructor.java:500)
at java.base/java.lang.reflect.Constructor.newInstance(Constructor.java:481)
at org.openqa.selenium.remote.http.W3CHttpResponseCodec.createException(W3CHttpResponseCodec.java:187)
at org.openqa.selenium.remote.http.W3CHttpResponseCodec.decode(W3CHttpResponseCodec.java:122)
at org.openqa.selenium.remote.http.W3CHttpResponseCodec.decode(W3CHttpResponseCodec.java:49)
at org.openqa.selenium.remote.HttpCommandExecutor.execute(HttpCommandExecutor.java:158)
at io.appium.java_client.remote.AppiumCommandExecutor.execute(AppiumCommandExecutor.java:239)
at org.openqa.selenium.remote.RemoteWebDriver.execute(RemoteWebDriver.java:552)
at io.appium.java_client.DefaultGenericMobileDriver.execute(DefaultGenericMobileDriver.java:42)
at io.appium.java_client.AppiumDriver.execute(AppiumDriver.java:1)
at io.appium.java_client.android.AndroidDriver.execute(AndroidDriver.java:1)
at org.openqa.selenium.remote.RemoteWebDriver.findElement(RemoteWebDriver.java:323)
at io.appium.java_client.DefaultGenericMobileDriver.findElement(DefaultGenericMobileDriver.java:62)
at io.appium.java_client.AppiumDriver.findElement(AppiumDriver.java:1)
at io.appium.java_client.android.AndroidDriver.findElement(AndroidDriver.java:1)
at org.openqa.selenium.remote.RemoteWebDriver.findElementByXPath(RemoteWebDriver.java:428)
at io.appium.java_client.DefaultGenericMobileDriver.findElementByXPath(DefaultGenericMobileDriver.java:152)
at io.appium.java_client.AppiumDriver.findElementByXPath(AppiumDriver.java:1)
at io.appium.java_client.android.AndroidDriver.findElementByXPath(AndroidDriver.java:1)
at org.openqa.selenium.By$ByXPath.findElement(By.java:353)
at org.openqa.selenium.remote.RemoteWebDriver.findElement(RemoteWebDriver.java:315)
at io.appium.java_client.DefaultGenericMobileDriver.findElement(DefaultGenericMobileDriver.java:58)
at io.appium.java_client.AppiumDriver.findElement(AppiumDriver.java:1)
at io.appium.java_client.android.AndroidDriver.findElement(AndroidDriver.java:1)
at org.openqa.selenium.support.pagefactory.DefaultElementLocator.findElement(DefaultElementLocator.java:69)
at org.openqa.selenium.support.pagefactory.internal.LocatingElementHandler.invoke(LocatingElementHandler.java:38)
at com.sun.proxy.$Proxy12.isDisplayed(Unknown Source)
at org.openqa.selenium.support.ui.ExpectedConditions.elementIfVisible(ExpectedConditions.java:314)
at org.openqa.selenium.support.ui.ExpectedConditions.access$000(ExpectedConditions.java:43)
at org.openqa.selenium.support.ui.ExpectedConditions$10.apply(ExpectedConditions.java:300)
at org.openqa.selenium.support.ui.ExpectedConditions$10.apply(ExpectedConditions.java:297)
at org.openqa.selenium.support.ui.FluentWait.until(FluentWait.java:249)
... 30 more
]]>
            </full-stacktrace>
          </exception> <!-- org.openqa.selenium.TimeoutException -->
          <reporter-output>
            <line>
              <![CDATA[APPLE iPhone 12 (Black, 128 GB)]]>
            </line>
            <line>
              <![CDATA[Rs xtra ₹2000 off]]>
            </line>
            <line>
              <![CDATA[Swipe 1]]>
            </line>
            <line>
              <![CDATA[Swipe 2]]>
            </line>
            <line>
              <![CDATA[Swipe 3]]>
            </line>
          </reporter-output>
        </test-method> <!-- productSpecs -->
        <test-method is-config="true" signature="configAC()[pri:0, instance:com.testscripts.flipkart.Flipkart@3f6b0be5]" started-at="2021-06-06T19:11:47 IST" name="configAC" finished-at="2021-06-06T19:11:49 IST" duration-ms="1554" status="PASS">
          <reporter-output>
          </reporter-output>
        </test-method> <!-- configAC -->
      </class> <!-- com.testscripts.flipkart.Flipkart -->
=======
<testng-results ignored="0" total="1" passed="1" failed="0" skipped="0">
  <reporter-output>
    <line>
      <![CDATA[Opened the browser]]>
    </line>
    <line>
      <![CDATA[Maximized the browser]]>
    </line>
    <line>
      <![CDATA[url opened]]>
    </line>
    <line>
      <![CDATA[Searched for Rayban SunGlasses]]>
    </line>
    <line>
      <![CDATA[Clicked on first product of search result]]>
    </line>
    <line>
      <![CDATA[Switched to new tab]]>
    </line>
    <line>
      <![CDATA[Product has been added to cart]]>
    </line>
    <line>
      <![CDATA[Closed the browser]]>
    </line>
  </reporter-output>
  <suite started-at="2020-06-26T15:01:12 IST" name="Default suite" finished-at="2020-06-26T15:01:32 IST" duration-ms="19441">
    <groups>
    </groups>
    <test started-at="2020-06-26T15:01:12 IST" name="Default test" finished-at="2020-06-26T15:01:32 IST" duration-ms="19441">
      <class name="com.testscripts.AddToCart">
        <test-method is-config="true" signature="configBC()[pri:0, instance:com.testscripts.AddToCart@233fe9b6]" started-at="2020-06-26T15:01:12 IST" name="configBC" finished-at="2020-06-26T15:01:16 IST" duration-ms="3825" status="PASS">
          <reporter-output>
          </reporter-output>
        </test-method> <!-- configBC -->
        <test-method is-config="true" signature="configBM()[pri:0, instance:com.testscripts.AddToCart@233fe9b6]" started-at="2020-06-26T15:01:16 IST" name="configBM" finished-at="2020-06-26T15:01:23 IST" duration-ms="6717" status="PASS">
          <reporter-output>
            <line>
              <![CDATA[Opened the browser]]>
            </line>
            <line>
              <![CDATA[Maximized the browser]]>
            </line>
            <line>
              <![CDATA[url opened]]>
            </line>
          </reporter-output>
        </test-method> <!-- configBM -->
        <test-method signature="addToCartTest()[pri:0, instance:com.testscripts.AddToCart@233fe9b6]" started-at="2020-06-26T15:01:23 IST" name="addToCartTest" finished-at="2020-06-26T15:01:31 IST" duration-ms="8140" status="PASS">
          <reporter-output>
            <line>
              <![CDATA[Searched for Rayban SunGlasses]]>
            </line>
            <line>
              <![CDATA[Clicked on first product of search result]]>
            </line>
            <line>
              <![CDATA[Switched to new tab]]>
            </line>
            <line>
              <![CDATA[Product has been added to cart]]>
            </line>
          </reporter-output>
        </test-method> <!-- addToCartTest -->
        <test-method is-config="true" signature="configAC()[pri:0, instance:com.testscripts.AddToCart@233fe9b6]" started-at="2020-06-26T15:01:31 IST" name="configAC" finished-at="2020-06-26T15:01:32 IST" duration-ms="713" status="PASS">
          <reporter-output>
            <line>
              <![CDATA[Closed the browser]]>
            </line>
          </reporter-output>
        </test-method> <!-- configAC -->
      </class> <!-- com.testscripts.AddToCart -->
>>>>>>> branch 'master' of https://github.com/samartha95/seleniumFramework.git
    </test> <!-- Default test -->
  </suite> <!-- Default suite -->
</testng-results>
